<?xml version="1.0" encoding="UTF-8"?>
<testsuite name="BasicsTest" tests="5" skipped="0" failures="0" errors="0" timestamp="2023-06-09T03:45:58" hostname="DESKTOP-V7R7OJB" time="0.095">
  <properties/>
  <testcase name="testTask1" classname="BasicsTest" time="0.027"/>
  <testcase name="testTask2" classname="BasicsTest" time="0.022"/>
  <testcase name="testTask3" classname="BasicsTest" time="0.011"/>
  <testcase name="testTask4" classname="BasicsTest" time="0.01"/>
  <testcase name="testTask5" classname="BasicsTest" time="0.024"/>
  <system-out><![CDATA[]]></system-out>
  <system-err><![CDATA[]]></system-err>
</testsuite>
